GNU Make 4.3
Built for x86_64-pc-linux-gnu
Copyright (C) 1988-2020 Free Software Foundation, Inc.
License GPLv3+: GNU GPL version 3 or later <http://gnu.org/licenses/gpl.html>
This is free software: you are free to change and redistribute it.
There is NO WARRANTY, to the extent permitted by law.
Reading makefiles...
Reading makefile 'Makefile'...
make[8]: Entering directory '/home/dushoff/screens/research/epiExplore'
Updating makefiles....
  Trying pattern rule with stem 'perl.def'.
  Trying pattern rule with stem 'perl.def'.
  Trying pattern rule with stem 'perl.def'.
  Trying pattern rule with stem 'perl.def'.
  Trying pattern rule with stem 'perl.def'.
 Considering target file 'Makefile'.
  Looking for an implicit rule for 'Makefile'.
  Trying pattern rule with stem 'Makefile'.
  Trying implicit prerequisite 'Makefile,v'.
  Trying pattern rule with stem 'Makefile'.
  Trying implicit prerequisite 'RCS/Makefile,v'.
  Trying pattern rule with stem 'Makefile'.
  Trying implicit prerequisite 'RCS/Makefile'.
  Trying pattern rule with stem 'Makefile'.
  Trying implicit prerequisite 's.Makefile'.
  Trying pattern rule with stem 'Makefile'.
  Trying implicit prerequisite 'SCCS/s.Makefile'.
  No implicit rule found for 'Makefile'.
    Trying pattern rule with stem '01'.
  Finished prerequisites of target file 'Makefile'.
 No recipe for 'Makefile' and no prerequisites actually changed.
 No need to remake target 'Makefile'.
Updating goal targets....
Considering target file 'base.conjecture.Rout.dd'.
 File 'base.conjecture.Rout.dd' does not exist.
 Looking for an implicit rule for 'base.conjecture.Rout.dd'.
 Trying pattern rule with stem 'base.conjecture.Rout'.
 Trying rule prerequisite '80.R'.
 Trying rule prerequisite 'breakTMB.R'.
 Trying rule prerequisite 'CDFs.R'.
 Trying rule prerequisite 'change_12.R'.
 Trying rule prerequisite 'change1_5.R'.
 Trying rule prerequisite 'change_1p5.R'.
 Trying rule prerequisite 'change_2.R'.
 Trying rule prerequisite 'change_3.R'.
 Trying rule prerequisite 'change3.R'.
 Trying rule prerequisite 'change_6.R'.
 Trying rule prerequisite 'compare_UEV.R'.
 Trying rule prerequisite 'conjecture.R'.
 Trying rule prerequisite 'deadSimple.R'.
 Trying rule prerequisite 'decreasingRe.R'.
 Trying rule prerequisite 'densHist.R'.
 Trying rule prerequisite 'early.R'.
 Trying rule prerequisite 'eightyPercentGeometric.R'.
 Trying rule prerequisite 'fig1Cap.md.R'.
 Trying rule prerequisite 'fractionRule.R'.
 Trying rule prerequisite 'geometric.R'.
 Trying rule prerequisite 'ggplot_limits.R'.
 Trying rule prerequisite 'hundredFiveHundred.R'.
 Trying rule prerequisite 'IBM_3-way.R'.
 Trying rule prerequisite 'IBM_base_pars.R'.
 Trying rule prerequisite 'IBM_const_pars.R'.
 Trying rule prerequisite 'IBM_faster.R'.
 Trying rule prerequisite 'IBM_gamma3_pars.R'.
 Trying rule prerequisite 'IBM_highGamma_pars.R'.
 Trying rule prerequisite 'IBM_highR_pars.R'.
 Trying rule prerequisite 'IBM_lowGamma_pars.R'.
 Trying rule prerequisite 'IBM_minimal.R'.
 Trying rule prerequisite 'IBM_sketch_sketch.R'.
 Trying rule prerequisite 'ineqPlots_for_emergent.R'.
 Trying rule prerequisite 'jdMess.R'.
 Trying rule prerequisite 'kappaFns.R'.
 Trying rule prerequisite 'kappaSims.R'.
 Trying rule prerequisite 'kappas_in_3-class.R'.
 Trying rule prerequisite 'kapWrap.R'.
 Trying rule prerequisite 'Learn_distributions.R'.
 Trying rule prerequisite 'lognormal_exp_sim.R'.
 Trying rule prerequisite 'loseSus.R'.
 Trying rule prerequisite 'low_kappa.R'.
 Trying rule prerequisite 'maxstepsIssue.R'.
 Trying rule prerequisite 'mleRepeat.R'.
 Trying rule prerequisite 'MLESketch.R'.
 Trying rule prerequisite 'MLE_start_lnorm.R'.
 Trying rule prerequisite 'MLE_start.R'.
 Trying rule prerequisite 'mpophc_cartoon.R'.
 Trying rule prerequisite 'myLloyd-Smith.R'.
 Trying rule prerequisite 'myMeehan.R'.
 Trying rule prerequisite 'NB_fits_early_epidemic_fine.R'.
 Trying rule prerequisite 'nbinom_RTMB.R'.
 Trying rule prerequisite 'nbinom_stability.R'.
 Trying rule prerequisite 'nbinom_z.R'.
 Trying rule prerequisite 'nbtest.R'.
 Trying rule prerequisite 'pdfFromRates.R'.
 Trying rule prerequisite 'plotEmergent.R'.
 Trying rule prerequisite 'plotMPOPHC.R'.
 Trying rule prerequisite 'plotPMF_PDF_ineq.R'.
 Trying rule prerequisite 'recFun.R'.
 Trying rule prerequisite 'saturate.R'.
 Trying rule prerequisite 'scribble_before_JSW_meeting.R'.
 Trying rule prerequisite 'sculpt.R'.
 Trying rule prerequisite 'secondaryDistributionPlots.R'.
 Trying rule prerequisite 'simDist.R'.
 Trying rule prerequisite 'sim_exp.R'.
 Trying rule prerequisite 'sim_gamma.R'.
 Trying rule prerequisite 'sim_lnorm.R'.
 Trying rule prerequisite 'SO_MRE.R'.
 Trying rule prerequisite 'spreadHelpers.R'.
 Trying rule prerequisite 'test.pars.R'.
 Trying rule prerequisite 'toPeak.R'.
 Trying rule prerequisite 'tpeak.R'.
 Trying rule prerequisite 'two_speeds.R'.
 Trying rule prerequisite 'vectorSize.R'.
 Trying rule prerequisite 'why_low_kappa.R'.
 Trying rule prerequisite 'cap1Draft.md'.
 Trying rule prerequisite 'defineConjecture.md'.
 Trying rule prerequisite 'drop.md'.
 Trying rule prerequisite 'IBM_sketch.md'.
 Trying rule prerequisite 'integrationNotes.md'.
 Trying rule prerequisite 'JacopoNotes.md'.
 Trying rule prerequisite 'outline.md'.
 Trying rule prerequisite 'phi.md'.
 Trying rule prerequisite 'quadraticNotes.md'.
 Trying rule prerequisite 'README.md'.
 Trying rule prerequisite 'RenewalCaseReproduction.md'.
 Trying rule prerequisite 'Spreadiness.md'.
 Trying rule prerequisite 'IBM_sketch.md'.
 Trying rule prerequisite 'forward.tex'.
 Trying rule prerequisite 'proof.tex'.
 Trying rule prerequisite 'RcNotes.tex'.
 Trying rule prerequisite 'emergentKeyIdeas.Rmd'.
 Trying rule prerequisite 'GiniKappaK.Rmd'.
 Trying rule prerequisite 'Makefile'.
 Found an implicit rule for 'base.conjecture.Rout.dd'.
  Considering target file '80.R'.
   Looking for an implicit rule for '80.R'.
   Trying pattern rule with stem '80.R'.
   Trying implicit prerequisite '80.R,v'.
   Trying pattern rule with stem '80.R'.
   Trying implicit prerequisite 'RCS/80.R,v'.
   Trying pattern rule with stem '80.R'.
   Trying implicit prerequisite 'RCS/80.R'.
   Trying pattern rule with stem '80.R'.
   Trying implicit prerequisite 's.80.R'.
   Trying pattern rule with stem '80.R'.
   Trying implicit prerequisite 'SCCS/s.80.R'.
   No implicit rule found for '80.R'.
   Finished prerequisites of target file '80.R'.
  No need to remake target '80.R'.
  Considering target file 'breakTMB.R'.
   Looking for an implicit rule for 'breakTMB.R'.
   Trying pattern rule with stem 'breakTMB.R'.
   Trying implicit prerequisite 'breakTMB.R,v'.
   Trying pattern rule with stem 'breakTMB.R'.
   Trying implicit prerequisite 'RCS/breakTMB.R,v'.
   Trying pattern rule with stem 'breakTMB.R'.
   Trying implicit prerequisite 'RCS/breakTMB.R'.
   Trying pattern rule with stem 'breakTMB.R'.
   Trying implicit prerequisite 's.breakTMB.R'.
   Trying pattern rule with stem 'breakTMB.R'.
   Trying implicit prerequisite 'SCCS/s.breakTMB.R'.
   No implicit rule found for 'breakTMB.R'.
   Finished prerequisites of target file 'breakTMB.R'.
  No need to remake target 'breakTMB.R'.
  Considering target file 'CDFs.R'.
   Looking for an implicit rule for 'CDFs.R'.
   Trying pattern rule with stem 'CDFs.R'.
   Trying implicit prerequisite 'CDFs.R,v'.
   Trying pattern rule with stem 'CDFs.R'.
   Trying implicit prerequisite 'RCS/CDFs.R,v'.
   Trying pattern rule with stem 'CDFs.R'.
   Trying implicit prerequisite 'RCS/CDFs.R'.
   Trying pattern rule with stem 'CDFs.R'.
   Trying implicit prerequisite 's.CDFs.R'.
   Trying pattern rule with stem 'CDFs.R'.
   Trying implicit prerequisite 'SCCS/s.CDFs.R'.
   No implicit rule found for 'CDFs.R'.
   Finished prerequisites of target file 'CDFs.R'.
  No need to remake target 'CDFs.R'.
  Considering target file 'change_12.R'.
   Looking for an implicit rule for 'change_12.R'.
   Trying pattern rule with stem 'change_12.R'.
   Trying implicit prerequisite 'change_12.R,v'.
   Trying pattern rule with stem 'change_12.R'.
   Trying implicit prerequisite 'RCS/change_12.R,v'.
   Trying pattern rule with stem 'change_12.R'.
   Trying implicit prerequisite 'RCS/change_12.R'.
   Trying pattern rule with stem 'change_12.R'.
   Trying implicit prerequisite 's.change_12.R'.
   Trying pattern rule with stem 'change_12.R'.
   Trying implicit prerequisite 'SCCS/s.change_12.R'.
   No implicit rule found for 'change_12.R'.
   Finished prerequisites of target file 'change_12.R'.
  No need to remake target 'change_12.R'.
  Considering target file 'change1_5.R'.
   Looking for an implicit rule for 'change1_5.R'.
   Trying pattern rule with stem 'change1_5.R'.
   Trying implicit prerequisite 'change1_5.R,v'.
   Trying pattern rule with stem 'change1_5.R'.
   Trying implicit prerequisite 'RCS/change1_5.R,v'.
   Trying pattern rule with stem 'change1_5.R'.
   Trying implicit prerequisite 'RCS/change1_5.R'.
   Trying pattern rule with stem 'change1_5.R'.
   Trying implicit prerequisite 's.change1_5.R'.
   Trying pattern rule with stem 'change1_5.R'.
   Trying implicit prerequisite 'SCCS/s.change1_5.R'.
   No implicit rule found for 'change1_5.R'.
   Finished prerequisites of target file 'change1_5.R'.
  No need to remake target 'change1_5.R'.
  Considering target file 'change_1p5.R'.
   Looking for an implicit rule for 'change_1p5.R'.
   Trying pattern rule with stem 'change_1p5.R'.
   Trying implicit prerequisite 'change_1p5.R,v'.
   Trying pattern rule with stem 'change_1p5.R'.
   Trying implicit prerequisite 'RCS/change_1p5.R,v'.
   Trying pattern rule with stem 'change_1p5.R'.
   Trying implicit prerequisite 'RCS/change_1p5.R'.
   Trying pattern rule with stem 'change_1p5.R'.
   Trying implicit prerequisite 's.change_1p5.R'.
   Trying pattern rule with stem 'change_1p5.R'.
   Trying implicit prerequisite 'SCCS/s.change_1p5.R'.
   No implicit rule found for 'change_1p5.R'.
   Finished prerequisites of target file 'change_1p5.R'.
  No need to remake target 'change_1p5.R'.
  Considering target file 'change_2.R'.
   Looking for an implicit rule for 'change_2.R'.
   Trying pattern rule with stem 'change_2.R'.
   Trying implicit prerequisite 'change_2.R,v'.
   Trying pattern rule with stem 'change_2.R'.
   Trying implicit prerequisite 'RCS/change_2.R,v'.
   Trying pattern rule with stem 'change_2.R'.
   Trying implicit prerequisite 'RCS/change_2.R'.
   Trying pattern rule with stem 'change_2.R'.
   Trying implicit prerequisite 's.change_2.R'.
   Trying pattern rule with stem 'change_2.R'.
   Trying implicit prerequisite 'SCCS/s.change_2.R'.
   No implicit rule found for 'change_2.R'.
   Finished prerequisites of target file 'change_2.R'.
  No need to remake target 'change_2.R'.
  Considering target file 'change_3.R'.
   Looking for an implicit rule for 'change_3.R'.
   Trying pattern rule with stem 'change_3.R'.
   Trying implicit prerequisite 'change_3.R,v'.
   Trying pattern rule with stem 'change_3.R'.
   Trying implicit prerequisite 'RCS/change_3.R,v'.
   Trying pattern rule with stem 'change_3.R'.
   Trying implicit prerequisite 'RCS/change_3.R'.
   Trying pattern rule with stem 'change_3.R'.
   Trying implicit prerequisite 's.change_3.R'.
   Trying pattern rule with stem 'change_3.R'.
   Trying implicit prerequisite 'SCCS/s.change_3.R'.
   No implicit rule found for 'change_3.R'.
   Finished prerequisites of target file 'change_3.R'.
  No need to remake target 'change_3.R'.
  Considering target file 'change3.R'.
   Looking for an implicit rule for 'change3.R'.
   Trying pattern rule with stem 'change3.R'.
   Trying implicit prerequisite 'change3.R,v'.
   Trying pattern rule with stem 'change3.R'.
   Trying implicit prerequisite 'RCS/change3.R,v'.
   Trying pattern rule with stem 'change3.R'.
   Trying implicit prerequisite 'RCS/change3.R'.
   Trying pattern rule with stem 'change3.R'.
   Trying implicit prerequisite 's.change3.R'.
   Trying pattern rule with stem 'change3.R'.
   Trying implicit prerequisite 'SCCS/s.change3.R'.
   No implicit rule found for 'change3.R'.
   Finished prerequisites of target file 'change3.R'.
  No need to remake target 'change3.R'.
  Considering target file 'change_6.R'.
   Looking for an implicit rule for 'change_6.R'.
   Trying pattern rule with stem 'change_6.R'.
   Trying implicit prerequisite 'change_6.R,v'.
   Trying pattern rule with stem 'change_6.R'.
   Trying implicit prerequisite 'RCS/change_6.R,v'.
   Trying pattern rule with stem 'change_6.R'.
   Trying implicit prerequisite 'RCS/change_6.R'.
   Trying pattern rule with stem 'change_6.R'.
   Trying implicit prerequisite 's.change_6.R'.
   Trying pattern rule with stem 'change_6.R'.
   Trying implicit prerequisite 'SCCS/s.change_6.R'.
   No implicit rule found for 'change_6.R'.
   Finished prerequisites of target file 'change_6.R'.
  No need to remake target 'change_6.R'.
  Considering target file 'compare_UEV.R'.
   Looking for an implicit rule for 'compare_UEV.R'.
   Trying pattern rule with stem 'compare_UEV.R'.
   Trying implicit prerequisite 'compare_UEV.R,v'.
   Trying pattern rule with stem 'compare_UEV.R'.
   Trying implicit prerequisite 'RCS/compare_UEV.R,v'.
   Trying pattern rule with stem 'compare_UEV.R'.
   Trying implicit prerequisite 'RCS/compare_UEV.R'.
   Trying pattern rule with stem 'compare_UEV.R'.
   Trying implicit prerequisite 's.compare_UEV.R'.
   Trying pattern rule with stem 'compare_UEV.R'.
   Trying implicit prerequisite 'SCCS/s.compare_UEV.R'.
   No implicit rule found for 'compare_UEV.R'.
   Finished prerequisites of target file 'compare_UEV.R'.
  No need to remake target 'compare_UEV.R'.
  Considering target file 'conjecture.R'.
   Looking for an implicit rule for 'conjecture.R'.
   Trying pattern rule with stem 'conjecture.R'.
   Trying implicit prerequisite 'conjecture.R,v'.
   Trying pattern rule with stem 'conjecture.R'.
   Trying implicit prerequisite 'RCS/conjecture.R,v'.
   Trying pattern rule with stem 'conjecture.R'.
   Trying implicit prerequisite 'RCS/conjecture.R'.
   Trying pattern rule with stem 'conjecture.R'.
   Trying implicit prerequisite 's.conjecture.R'.
   Trying pattern rule with stem 'conjecture.R'.
   Trying implicit prerequisite 'SCCS/s.conjecture.R'.
   No implicit rule found for 'conjecture.R'.
   Finished prerequisites of target file 'conjecture.R'.
  No need to remake target 'conjecture.R'.
  Considering target file 'deadSimple.R'.
   Looking for an implicit rule for 'deadSimple.R'.
   Trying pattern rule with stem 'deadSimple.R'.
   Trying implicit prerequisite 'deadSimple.R,v'.
   Trying pattern rule with stem 'deadSimple.R'.
   Trying implicit prerequisite 'RCS/deadSimple.R,v'.
   Trying pattern rule with stem 'deadSimple.R'.
   Trying implicit prerequisite 'RCS/deadSimple.R'.
   Trying pattern rule with stem 'deadSimple.R'.
   Trying implicit prerequisite 's.deadSimple.R'.
   Trying pattern rule with stem 'deadSimple.R'.
   Trying implicit prerequisite 'SCCS/s.deadSimple.R'.
   No implicit rule found for 'deadSimple.R'.
   Finished prerequisites of target file 'deadSimple.R'.
  No need to remake target 'deadSimple.R'.
  Considering target file 'decreasingRe.R'.
   Looking for an implicit rule for 'decreasingRe.R'.
   Trying pattern rule with stem 'decreasingRe.R'.
   Trying implicit prerequisite 'decreasingRe.R,v'.
   Trying pattern rule with stem 'decreasingRe.R'.
   Trying implicit prerequisite 'RCS/decreasingRe.R,v'.
   Trying pattern rule with stem 'decreasingRe.R'.
   Trying implicit prerequisite 'RCS/decreasingRe.R'.
   Trying pattern rule with stem 'decreasingRe.R'.
   Trying implicit prerequisite 's.decreasingRe.R'.
   Trying pattern rule with stem 'decreasingRe.R'.
   Trying implicit prerequisite 'SCCS/s.decreasingRe.R'.
   No implicit rule found for 'decreasingRe.R'.
   Finished prerequisites of target file 'decreasingRe.R'.
  No need to remake target 'decreasingRe.R'.
  Considering target file 'densHist.R'.
   Looking for an implicit rule for 'densHist.R'.
   Trying pattern rule with stem 'densHist.R'.
   Trying implicit prerequisite 'densHist.R,v'.
   Trying pattern rule with stem 'densHist.R'.
   Trying implicit prerequisite 'RCS/densHist.R,v'.
   Trying pattern rule with stem 'densHist.R'.
   Trying implicit prerequisite 'RCS/densHist.R'.
   Trying pattern rule with stem 'densHist.R'.
   Trying implicit prerequisite 's.densHist.R'.
   Trying pattern rule with stem 'densHist.R'.
   Trying implicit prerequisite 'SCCS/s.densHist.R'.
   No implicit rule found for 'densHist.R'.
   Finished prerequisites of target file 'densHist.R'.
  No need to remake target 'densHist.R'.
  Considering target file 'early.R'.
   Looking for an implicit rule for 'early.R'.
   Trying pattern rule with stem 'early.R'.
   Trying implicit prerequisite 'early.R,v'.
   Trying pattern rule with stem 'early.R'.
   Trying implicit prerequisite 'RCS/early.R,v'.
   Trying pattern rule with stem 'early.R'.
   Trying implicit prerequisite 'RCS/early.R'.
   Trying pattern rule with stem 'early.R'.
   Trying implicit prerequisite 's.early.R'.
   Trying pattern rule with stem 'early.R'.
   Trying implicit prerequisite 'SCCS/s.early.R'.
   No implicit rule found for 'early.R'.
   Finished prerequisites of target file 'early.R'.
  No need to remake target 'early.R'.
  Considering target file 'eightyPercentGeometric.R'.
   Looking for an implicit rule for 'eightyPercentGeometric.R'.
   Trying pattern rule with stem 'eightyPercentGeometric.R'.
   Trying implicit prerequisite 'eightyPercentGeometric.R,v'.
   Trying pattern rule with stem 'eightyPercentGeometric.R'.
   Trying implicit prerequisite 'RCS/eightyPercentGeometric.R,v'.
   Trying pattern rule with stem 'eightyPercentGeometric.R'.
   Trying implicit prerequisite 'RCS/eightyPercentGeometric.R'.
   Trying pattern rule with stem 'eightyPercentGeometric.R'.
   Trying implicit prerequisite 's.eightyPercentGeometric.R'.
   Trying pattern rule with stem 'eightyPercentGeometric.R'.
   Trying implicit prerequisite 'SCCS/s.eightyPercentGeometric.R'.
   No implicit rule found for 'eightyPercentGeometric.R'.
   Finished prerequisites of target file 'eightyPercentGeometric.R'.
  No need to remake target 'eightyPercentGeometric.R'.
  Considering target file 'fig1Cap.md.R'.
   Looking for an implicit rule for 'fig1Cap.md.R'.
   Trying pattern rule with stem 'fig1Cap.md.R'.
   Trying implicit prerequisite 'fig1Cap.md.R,v'.
   Trying pattern rule with stem 'fig1Cap.md.R'.
   Trying implicit prerequisite 'RCS/fig1Cap.md.R,v'.
   Trying pattern rule with stem 'fig1Cap.md.R'.
   Trying implicit prerequisite 'RCS/fig1Cap.md.R'.
   Trying pattern rule with stem 'fig1Cap.md.R'.
   Trying implicit prerequisite 's.fig1Cap.md.R'.
   Trying pattern rule with stem 'fig1Cap.md.R'.
   Trying implicit prerequisite 'SCCS/s.fig1Cap.md.R'.
   No implicit rule found for 'fig1Cap.md.R'.
   Finished prerequisites of target file 'fig1Cap.md.R'.
  No need to remake target 'fig1Cap.md.R'.
  Considering target file 'fractionRule.R'.
   Looking for an implicit rule for 'fractionRule.R'.
   Trying pattern rule with stem 'fractionRule.R'.
   Trying implicit prerequisite 'fractionRule.R,v'.
   Trying pattern rule with stem 'fractionRule.R'.
   Trying implicit prerequisite 'RCS/fractionRule.R,v'.
   Trying pattern rule with stem 'fractionRule.R'.
   Trying implicit prerequisite 'RCS/fractionRule.R'.
   Trying pattern rule with stem 'fractionRule.R'.
   Trying implicit prerequisite 's.fractionRule.R'.
   Trying pattern rule with stem 'fractionRule.R'.
   Trying implicit prerequisite 'SCCS/s.fractionRule.R'.
   No implicit rule found for 'fractionRule.R'.
   Finished prerequisites of target file 'fractionRule.R'.
  No need to remake target 'fractionRule.R'.
  Considering target file 'geometric.R'.
   Looking for an implicit rule for 'geometric.R'.
   Trying pattern rule with stem 'geometric.R'.
   Trying implicit prerequisite 'geometric.R,v'.
   Trying pattern rule with stem 'geometric.R'.
   Trying implicit prerequisite 'RCS/geometric.R,v'.
   Trying pattern rule with stem 'geometric.R'.
   Trying implicit prerequisite 'RCS/geometric.R'.
   Trying pattern rule with stem 'geometric.R'.
   Trying implicit prerequisite 's.geometric.R'.
   Trying pattern rule with stem 'geometric.R'.
   Trying implicit prerequisite 'SCCS/s.geometric.R'.
   No implicit rule found for 'geometric.R'.
   Finished prerequisites of target file 'geometric.R'.
  No need to remake target 'geometric.R'.
  Considering target file 'ggplot_limits.R'.
   Looking for an implicit rule for 'ggplot_limits.R'.
   Trying pattern rule with stem 'ggplot_limits.R'.
   Trying implicit prerequisite 'ggplot_limits.R,v'.
   Trying pattern rule with stem 'ggplot_limits.R'.
   Trying implicit prerequisite 'RCS/ggplot_limits.R,v'.
   Trying pattern rule with stem 'ggplot_limits.R'.
   Trying implicit prerequisite 'RCS/ggplot_limits.R'.
   Trying pattern rule with stem 'ggplot_limits.R'.
   Trying implicit prerequisite 's.ggplot_limits.R'.
   Trying pattern rule with stem 'ggplot_limits.R'.
   Trying implicit prerequisite 'SCCS/s.ggplot_limits.R'.
   No implicit rule found for 'ggplot_limits.R'.
   Finished prerequisites of target file 'ggplot_limits.R'.
  No need to remake target 'ggplot_limits.R'.
  Considering target file 'hundredFiveHundred.R'.
   Looking for an implicit rule for 'hundredFiveHundred.R'.
   Trying pattern rule with stem 'hundredFiveHundred.R'.
   Trying implicit prerequisite 'hundredFiveHundred.R,v'.
   Trying pattern rule with stem 'hundredFiveHundred.R'.
   Trying implicit prerequisite 'RCS/hundredFiveHundred.R,v'.
   Trying pattern rule with stem 'hundredFiveHundred.R'.
   Trying implicit prerequisite 'RCS/hundredFiveHundred.R'.
   Trying pattern rule with stem 'hundredFiveHundred.R'.
   Trying implicit prerequisite 's.hundredFiveHundred.R'.
   Trying pattern rule with stem 'hundredFiveHundred.R'.
   Trying implicit prerequisite 'SCCS/s.hundredFiveHundred.R'.
   No implicit rule found for 'hundredFiveHundred.R'.
   Finished prerequisites of target file 'hundredFiveHundred.R'.
  No need to remake target 'hundredFiveHundred.R'.
  Considering target file 'IBM_3-way.R'.
   Looking for an implicit rule for 'IBM_3-way.R'.
   Trying pattern rule with stem 'IBM_3-way.R'.
   Trying implicit prerequisite 'IBM_3-way.R,v'.
   Trying pattern rule with stem 'IBM_3-way.R'.
   Trying implicit prerequisite 'RCS/IBM_3-way.R,v'.
   Trying pattern rule with stem 'IBM_3-way.R'.
   Trying implicit prerequisite 'RCS/IBM_3-way.R'.
   Trying pattern rule with stem 'IBM_3-way.R'.
   Trying implicit prerequisite 's.IBM_3-way.R'.
   Trying pattern rule with stem 'IBM_3-way.R'.
   Trying implicit prerequisite 'SCCS/s.IBM_3-way.R'.
   No implicit rule found for 'IBM_3-way.R'.
   Finished prerequisites of target file 'IBM_3-way.R'.
  No need to remake target 'IBM_3-way.R'.
  Considering target file 'IBM_base_pars.R'.
   Looking for an implicit rule for 'IBM_base_pars.R'.
   Trying pattern rule with stem 'IBM_base_pars.R'.
   Trying implicit prerequisite 'IBM_base_pars.R,v'.
   Trying pattern rule with stem 'IBM_base_pars.R'.
   Trying implicit prerequisite 'RCS/IBM_base_pars.R,v'.
   Trying pattern rule with stem 'IBM_base_pars.R'.
   Trying implicit prerequisite 'RCS/IBM_base_pars.R'.
   Trying pattern rule with stem 'IBM_base_pars.R'.
   Trying implicit prerequisite 's.IBM_base_pars.R'.
   Trying pattern rule with stem 'IBM_base_pars.R'.
   Trying implicit prerequisite 'SCCS/s.IBM_base_pars.R'.
   No implicit rule found for 'IBM_base_pars.R'.
   Finished prerequisites of target file 'IBM_base_pars.R'.
  No need to remake target 'IBM_base_pars.R'.
  Considering target file 'IBM_const_pars.R'.
   Looking for an implicit rule for 'IBM_const_pars.R'.
   Trying pattern rule with stem 'IBM_const_pars.R'.
   Trying implicit prerequisite 'IBM_const_pars.R,v'.
   Trying pattern rule with stem 'IBM_const_pars.R'.
   Trying implicit prerequisite 'RCS/IBM_const_pars.R,v'.
   Trying pattern rule with stem 'IBM_const_pars.R'.
   Trying implicit prerequisite 'RCS/IBM_const_pars.R'.
   Trying pattern rule with stem 'IBM_const_pars.R'.
   Trying implicit prerequisite 's.IBM_const_pars.R'.
   Trying pattern rule with stem 'IBM_const_pars.R'.
   Trying implicit prerequisite 'SCCS/s.IBM_const_pars.R'.
   No implicit rule found for 'IBM_const_pars.R'.
   Finished prerequisites of target file 'IBM_const_pars.R'.
  No need to remake target 'IBM_const_pars.R'.
  Considering target file 'IBM_faster.R'.
   Looking for an implicit rule for 'IBM_faster.R'.
   Trying pattern rule with stem 'IBM_faster.R'.
   Trying implicit prerequisite 'IBM_faster.R,v'.
   Trying pattern rule with stem 'IBM_faster.R'.
   Trying implicit prerequisite 'RCS/IBM_faster.R,v'.
   Trying pattern rule with stem 'IBM_faster.R'.
   Trying implicit prerequisite 'RCS/IBM_faster.R'.
   Trying pattern rule with stem 'IBM_faster.R'.
   Trying implicit prerequisite 's.IBM_faster.R'.
   Trying pattern rule with stem 'IBM_faster.R'.
   Trying implicit prerequisite 'SCCS/s.IBM_faster.R'.
   No implicit rule found for 'IBM_faster.R'.
   Finished prerequisites of target file 'IBM_faster.R'.
  No need to remake target 'IBM_faster.R'.
  Considering target file 'IBM_gamma3_pars.R'.
   Looking for an implicit rule for 'IBM_gamma3_pars.R'.
   Trying pattern rule with stem 'IBM_gamma3_pars.R'.
   Trying implicit prerequisite 'IBM_gamma3_pars.R,v'.
   Trying pattern rule with stem 'IBM_gamma3_pars.R'.
   Trying implicit prerequisite 'RCS/IBM_gamma3_pars.R,v'.
   Trying pattern rule with stem 'IBM_gamma3_pars.R'.
   Trying implicit prerequisite 'RCS/IBM_gamma3_pars.R'.
   Trying pattern rule with stem 'IBM_gamma3_pars.R'.
   Trying implicit prerequisite 's.IBM_gamma3_pars.R'.
   Trying pattern rule with stem 'IBM_gamma3_pars.R'.
   Trying implicit prerequisite 'SCCS/s.IBM_gamma3_pars.R'.
   No implicit rule found for 'IBM_gamma3_pars.R'.
   Finished prerequisites of target file 'IBM_gamma3_pars.R'.
  No need to remake target 'IBM_gamma3_pars.R'.
  Considering target file 'IBM_highGamma_pars.R'.
   Looking for an implicit rule for 'IBM_highGamma_pars.R'.
   Trying pattern rule with stem 'IBM_highGamma_pars.R'.
   Trying implicit prerequisite 'IBM_highGamma_pars.R,v'.
   Trying pattern rule with stem 'IBM_highGamma_pars.R'.
   Trying implicit prerequisite 'RCS/IBM_highGamma_pars.R,v'.
   Trying pattern rule with stem 'IBM_highGamma_pars.R'.
   Trying implicit prerequisite 'RCS/IBM_highGamma_pars.R'.
   Trying pattern rule with stem 'IBM_highGamma_pars.R'.
   Trying implicit prerequisite 's.IBM_highGamma_pars.R'.
   Trying pattern rule with stem 'IBM_highGamma_pars.R'.
   Trying implicit prerequisite 'SCCS/s.IBM_highGamma_pars.R'.
   No implicit rule found for 'IBM_highGamma_pars.R'.
   Finished prerequisites of target file 'IBM_highGamma_pars.R'.
  No need to remake target 'IBM_highGamma_pars.R'.
  Considering target file 'IBM_highR_pars.R'.
   Looking for an implicit rule for 'IBM_highR_pars.R'.
   Trying pattern rule with stem 'IBM_highR_pars.R'.
   Trying implicit prerequisite 'IBM_highR_pars.R,v'.
   Trying pattern rule with stem 'IBM_highR_pars.R'.
   Trying implicit prerequisite 'RCS/IBM_highR_pars.R,v'.
   Trying pattern rule with stem 'IBM_highR_pars.R'.
   Trying implicit prerequisite 'RCS/IBM_highR_pars.R'.
   Trying pattern rule with stem 'IBM_highR_pars.R'.
   Trying implicit prerequisite 's.IBM_highR_pars.R'.
   Trying pattern rule with stem 'IBM_highR_pars.R'.
   Trying implicit prerequisite 'SCCS/s.IBM_highR_pars.R'.
   No implicit rule found for 'IBM_highR_pars.R'.
   Finished prerequisites of target file 'IBM_highR_pars.R'.
  No need to remake target 'IBM_highR_pars.R'.
  Considering target file 'IBM_lowGamma_pars.R'.
   Looking for an implicit rule for 'IBM_lowGamma_pars.R'.
   Trying pattern rule with stem 'IBM_lowGamma_pars.R'.
   Trying implicit prerequisite 'IBM_lowGamma_pars.R,v'.
   Trying pattern rule with stem 'IBM_lowGamma_pars.R'.
   Trying implicit prerequisite 'RCS/IBM_lowGamma_pars.R,v'.
   Trying pattern rule with stem 'IBM_lowGamma_pars.R'.
   Trying implicit prerequisite 'RCS/IBM_lowGamma_pars.R'.
   Trying pattern rule with stem 'IBM_lowGamma_pars.R'.
   Trying implicit prerequisite 's.IBM_lowGamma_pars.R'.
   Trying pattern rule with stem 'IBM_lowGamma_pars.R'.
   Trying implicit prerequisite 'SCCS/s.IBM_lowGamma_pars.R'.
   No implicit rule found for 'IBM_lowGamma_pars.R'.
   Finished prerequisites of target file 'IBM_lowGamma_pars.R'.
  No need to remake target 'IBM_lowGamma_pars.R'.
  Considering target file 'IBM_minimal.R'.
   Looking for an implicit rule for 'IBM_minimal.R'.
   Trying pattern rule with stem 'IBM_minimal.R'.
   Trying implicit prerequisite 'IBM_minimal.R,v'.
   Trying pattern rule with stem 'IBM_minimal.R'.
   Trying implicit prerequisite 'RCS/IBM_minimal.R,v'.
   Trying pattern rule with stem 'IBM_minimal.R'.
   Trying implicit prerequisite 'RCS/IBM_minimal.R'.
   Trying pattern rule with stem 'IBM_minimal.R'.
   Trying implicit prerequisite 's.IBM_minimal.R'.
   Trying pattern rule with stem 'IBM_minimal.R'.
   Trying implicit prerequisite 'SCCS/s.IBM_minimal.R'.
   No implicit rule found for 'IBM_minimal.R'.
   Finished prerequisites of target file 'IBM_minimal.R'.
  No need to remake target 'IBM_minimal.R'.
  Considering target file 'IBM_sketch_sketch.R'.
   Looking for an implicit rule for 'IBM_sketch_sketch.R'.
   Trying pattern rule with stem 'IBM_sketch_sketch.R'.
   Trying implicit prerequisite 'IBM_sketch_sketch.R,v'.
   Trying pattern rule with stem 'IBM_sketch_sketch.R'.
   Trying implicit prerequisite 'RCS/IBM_sketch_sketch.R,v'.
   Trying pattern rule with stem 'IBM_sketch_sketch.R'.
   Trying implicit prerequisite 'RCS/IBM_sketch_sketch.R'.
   Trying pattern rule with stem 'IBM_sketch_sketch.R'.
   Trying implicit prerequisite 's.IBM_sketch_sketch.R'.
   Trying pattern rule with stem 'IBM_sketch_sketch.R'.
   Trying implicit prerequisite 'SCCS/s.IBM_sketch_sketch.R'.
   No implicit rule found for 'IBM_sketch_sketch.R'.
   Finished prerequisites of target file 'IBM_sketch_sketch.R'.
  No need to remake target 'IBM_sketch_sketch.R'.
  Considering target file 'ineqPlots_for_emergent.R'.
   Looking for an implicit rule for 'ineqPlots_for_emergent.R'.
   Trying pattern rule with stem 'ineqPlots_for_emergent.R'.
   Trying implicit prerequisite 'ineqPlots_for_emergent.R,v'.
   Trying pattern rule with stem 'ineqPlots_for_emergent.R'.
   Trying implicit prerequisite 'RCS/ineqPlots_for_emergent.R,v'.
   Trying pattern rule with stem 'ineqPlots_for_emergent.R'.
   Trying implicit prerequisite 'RCS/ineqPlots_for_emergent.R'.
   Trying pattern rule with stem 'ineqPlots_for_emergent.R'.
   Trying implicit prerequisite 's.ineqPlots_for_emergent.R'.
   Trying pattern rule with stem 'ineqPlots_for_emergent.R'.
   Trying implicit prerequisite 'SCCS/s.ineqPlots_for_emergent.R'.
   No implicit rule found for 'ineqPlots_for_emergent.R'.
   Finished prerequisites of target file 'ineqPlots_for_emergent.R'.
  No need to remake target 'ineqPlots_for_emergent.R'.
  Considering target file 'jdMess.R'.
   Looking for an implicit rule for 'jdMess.R'.
   Trying pattern rule with stem 'jdMess.R'.
   Trying implicit prerequisite 'jdMess.R,v'.
   Trying pattern rule with stem 'jdMess.R'.
   Trying implicit prerequisite 'RCS/jdMess.R,v'.
   Trying pattern rule with stem 'jdMess.R'.
   Trying implicit prerequisite 'RCS/jdMess.R'.
   Trying pattern rule with stem 'jdMess.R'.
   Trying implicit prerequisite 's.jdMess.R'.
   Trying pattern rule with stem 'jdMess.R'.
   Trying implicit prerequisite 'SCCS/s.jdMess.R'.
   No implicit rule found for 'jdMess.R'.
   Finished prerequisites of target file 'jdMess.R'.
  No need to remake target 'jdMess.R'.
  Considering target file 'kappaFns.R'.
   Looking for an implicit rule for 'kappaFns.R'.
   Trying pattern rule with stem 'kappaFns.R'.
   Trying implicit prerequisite 'kappaFns.R,v'.
   Trying pattern rule with stem 'kappaFns.R'.
   Trying implicit prerequisite 'RCS/kappaFns.R,v'.
   Trying pattern rule with stem 'kappaFns.R'.
   Trying implicit prerequisite 'RCS/kappaFns.R'.
   Trying pattern rule with stem 'kappaFns.R'.
   Trying implicit prerequisite 's.kappaFns.R'.
   Trying pattern rule with stem 'kappaFns.R'.
   Trying implicit prerequisite 'SCCS/s.kappaFns.R'.
   No implicit rule found for 'kappaFns.R'.
   Finished prerequisites of target file 'kappaFns.R'.
  No need to remake target 'kappaFns.R'.
  Considering target file 'kappaSims.R'.
   Looking for an implicit rule for 'kappaSims.R'.
   Trying pattern rule with stem 'kappaSims.R'.
   Trying implicit prerequisite 'kappaSims.R,v'.
   Trying pattern rule with stem 'kappaSims.R'.
   Trying implicit prerequisite 'RCS/kappaSims.R,v'.
   Trying pattern rule with stem 'kappaSims.R'.
   Trying implicit prerequisite 'RCS/kappaSims.R'.
   Trying pattern rule with stem 'kappaSims.R'.
   Trying implicit prerequisite 's.kappaSims.R'.
   Trying pattern rule with stem 'kappaSims.R'.
   Trying implicit prerequisite 'SCCS/s.kappaSims.R'.
   No implicit rule found for 'kappaSims.R'.
   Finished prerequisites of target file 'kappaSims.R'.
  No need to remake target 'kappaSims.R'.
  Considering target file 'kappas_in_3-class.R'.
   Looking for an implicit rule for 'kappas_in_3-class.R'.
   Trying pattern rule with stem 'kappas_in_3-class.R'.
   Trying implicit prerequisite 'kappas_in_3-class.R,v'.
   Trying pattern rule with stem 'kappas_in_3-class.R'.
   Trying implicit prerequisite 'RCS/kappas_in_3-class.R,v'.
   Trying pattern rule with stem 'kappas_in_3-class.R'.
   Trying implicit prerequisite 'RCS/kappas_in_3-class.R'.
   Trying pattern rule with stem 'kappas_in_3-class.R'.
   Trying implicit prerequisite 's.kappas_in_3-class.R'.
   Trying pattern rule with stem 'kappas_in_3-class.R'.
   Trying implicit prerequisite 'SCCS/s.kappas_in_3-class.R'.
   No implicit rule found for 'kappas_in_3-class.R'.
   Finished prerequisites of target file 'kappas_in_3-class.R'.
  No need to remake target 'kappas_in_3-class.R'.
  Considering target file 'kapWrap.R'.
   Looking for an implicit rule for 'kapWrap.R'.
   Trying pattern rule with stem 'kapWrap.R'.
   Trying implicit prerequisite 'kapWrap.R,v'.
   Trying pattern rule with stem 'kapWrap.R'.
   Trying implicit prerequisite 'RCS/kapWrap.R,v'.
   Trying pattern rule with stem 'kapWrap.R'.
   Trying implicit prerequisite 'RCS/kapWrap.R'.
   Trying pattern rule with stem 'kapWrap.R'.
   Trying implicit prerequisite 's.kapWrap.R'.
   Trying pattern rule with stem 'kapWrap.R'.
   Trying implicit prerequisite 'SCCS/s.kapWrap.R'.
   No implicit rule found for 'kapWrap.R'.
   Finished prerequisites of target file 'kapWrap.R'.
  No need to remake target 'kapWrap.R'.
  Considering target file 'Learn_distributions.R'.
   Looking for an implicit rule for 'Learn_distributions.R'.
   Trying pattern rule with stem 'Learn_distributions.R'.
   Trying implicit prerequisite 'Learn_distributions.R,v'.
   Trying pattern rule with stem 'Learn_distributions.R'.
   Trying implicit prerequisite 'RCS/Learn_distributions.R,v'.
   Trying pattern rule with stem 'Learn_distributions.R'.
   Trying implicit prerequisite 'RCS/Learn_distributions.R'.
   Trying pattern rule with stem 'Learn_distributions.R'.
   Trying implicit prerequisite 's.Learn_distributions.R'.
   Trying pattern rule with stem 'Learn_distributions.R'.
   Trying implicit prerequisite 'SCCS/s.Learn_distributions.R'.
   No implicit rule found for 'Learn_distributions.R'.
   Finished prerequisites of target file 'Learn_distributions.R'.
  No need to remake target 'Learn_distributions.R'.
  Considering target file 'lognormal_exp_sim.R'.
   Looking for an implicit rule for 'lognormal_exp_sim.R'.
   Trying pattern rule with stem 'lognormal_exp_sim.R'.
   Trying implicit prerequisite 'lognormal_exp_sim.R,v'.
   Trying pattern rule with stem 'lognormal_exp_sim.R'.
   Trying implicit prerequisite 'RCS/lognormal_exp_sim.R,v'.
   Trying pattern rule with stem 'lognormal_exp_sim.R'.
   Trying implicit prerequisite 'RCS/lognormal_exp_sim.R'.
   Trying pattern rule with stem 'lognormal_exp_sim.R'.
   Trying implicit prerequisite 's.lognormal_exp_sim.R'.
   Trying pattern rule with stem 'lognormal_exp_sim.R'.
   Trying implicit prerequisite 'SCCS/s.lognormal_exp_sim.R'.
   No implicit rule found for 'lognormal_exp_sim.R'.
   Finished prerequisites of target file 'lognormal_exp_sim.R'.
  No need to remake target 'lognormal_exp_sim.R'.
  Considering target file 'loseSus.R'.
   Looking for an implicit rule for 'loseSus.R'.
   Trying pattern rule with stem 'loseSus.R'.
   Trying implicit prerequisite 'loseSus.R,v'.
   Trying pattern rule with stem 'loseSus.R'.
   Trying implicit prerequisite 'RCS/loseSus.R,v'.
   Trying pattern rule with stem 'loseSus.R'.
   Trying implicit prerequisite 'RCS/loseSus.R'.
   Trying pattern rule with stem 'loseSus.R'.
   Trying implicit prerequisite 's.loseSus.R'.
   Trying pattern rule with stem 'loseSus.R'.
   Trying implicit prerequisite 'SCCS/s.loseSus.R'.
   No implicit rule found for 'loseSus.R'.
   Finished prerequisites of target file 'loseSus.R'.
  No need to remake target 'loseSus.R'.
  Considering target file 'low_kappa.R'.
   Looking for an implicit rule for 'low_kappa.R'.
   Trying pattern rule with stem 'low_kappa.R'.
   Trying implicit prerequisite 'low_kappa.R,v'.
   Trying pattern rule with stem 'low_kappa.R'.
   Trying implicit prerequisite 'RCS/low_kappa.R,v'.
   Trying pattern rule with stem 'low_kappa.R'.
   Trying implicit prerequisite 'RCS/low_kappa.R'.
   Trying pattern rule with stem 'low_kappa.R'.
   Trying implicit prerequisite 's.low_kappa.R'.
   Trying pattern rule with stem 'low_kappa.R'.
   Trying implicit prerequisite 'SCCS/s.low_kappa.R'.
   No implicit rule found for 'low_kappa.R'.
   Finished prerequisites of target file 'low_kappa.R'.
  No need to remake target 'low_kappa.R'.
  Considering target file 'maxstepsIssue.R'.
   Looking for an implicit rule for 'maxstepsIssue.R'.
   Trying pattern rule with stem 'maxstepsIssue.R'.
   Trying implicit prerequisite 'maxstepsIssue.R,v'.
   Trying pattern rule with stem 'maxstepsIssue.R'.
   Trying implicit prerequisite 'RCS/maxstepsIssue.R,v'.
   Trying pattern rule with stem 'maxstepsIssue.R'.
   Trying implicit prerequisite 'RCS/maxstepsIssue.R'.
   Trying pattern rule with stem 'maxstepsIssue.R'.
   Trying implicit prerequisite 's.maxstepsIssue.R'.
   Trying pattern rule with stem 'maxstepsIssue.R'.
   Trying implicit prerequisite 'SCCS/s.maxstepsIssue.R'.
   No implicit rule found for 'maxstepsIssue.R'.
   Finished prerequisites of target file 'maxstepsIssue.R'.
  No need to remake target 'maxstepsIssue.R'.
  Considering target file 'mleRepeat.R'.
   Looking for an implicit rule for 'mleRepeat.R'.
   Trying pattern rule with stem 'mleRepeat.R'.
   Trying implicit prerequisite 'mleRepeat.R,v'.
   Trying pattern rule with stem 'mleRepeat.R'.
   Trying implicit prerequisite 'RCS/mleRepeat.R,v'.
   Trying pattern rule with stem 'mleRepeat.R'.
   Trying implicit prerequisite 'RCS/mleRepeat.R'.
   Trying pattern rule with stem 'mleRepeat.R'.
   Trying implicit prerequisite 's.mleRepeat.R'.
   Trying pattern rule with stem 'mleRepeat.R'.
   Trying implicit prerequisite 'SCCS/s.mleRepeat.R'.
   No implicit rule found for 'mleRepeat.R'.
   Finished prerequisites of target file 'mleRepeat.R'.
  No need to remake target 'mleRepeat.R'.
  Considering target file 'MLESketch.R'.
   Looking for an implicit rule for 'MLESketch.R'.
   Trying pattern rule with stem 'MLESketch.R'.
   Trying implicit prerequisite 'MLESketch.R,v'.
   Trying pattern rule with stem 'MLESketch.R'.
   Trying implicit prerequisite 'RCS/MLESketch.R,v'.
   Trying pattern rule with stem 'MLESketch.R'.
   Trying implicit prerequisite 'RCS/MLESketch.R'.
   Trying pattern rule with stem 'MLESketch.R'.
   Trying implicit prerequisite 's.MLESketch.R'.
   Trying pattern rule with stem 'MLESketch.R'.
   Trying implicit prerequisite 'SCCS/s.MLESketch.R'.
   No implicit rule found for 'MLESketch.R'.
   Finished prerequisites of target file 'MLESketch.R'.
  No need to remake target 'MLESketch.R'.
  Considering target file 'MLE_start_lnorm.R'.
   Looking for an implicit rule for 'MLE_start_lnorm.R'.
   Trying pattern rule with stem 'MLE_start_lnorm.R'.
   Trying implicit prerequisite 'MLE_start_lnorm.R,v'.
   Trying pattern rule with stem 'MLE_start_lnorm.R'.
   Trying implicit prerequisite 'RCS/MLE_start_lnorm.R,v'.
   Trying pattern rule with stem 'MLE_start_lnorm.R'.
   Trying implicit prerequisite 'RCS/MLE_start_lnorm.R'.
   Trying pattern rule with stem 'MLE_start_lnorm.R'.
   Trying implicit prerequisite 's.MLE_start_lnorm.R'.
   Trying pattern rule with stem 'MLE_start_lnorm.R'.
   Trying implicit prerequisite 'SCCS/s.MLE_start_lnorm.R'.
   No implicit rule found for 'MLE_start_lnorm.R'.
   Finished prerequisites of target file 'MLE_start_lnorm.R'.
  No need to remake target 'MLE_start_lnorm.R'.
  Considering target file 'MLE_start.R'.
   Looking for an implicit rule for 'MLE_start.R'.
   Trying pattern rule with stem 'MLE_start.R'.
   Trying implicit prerequisite 'MLE_start.R,v'.
   Trying pattern rule with stem 'MLE_start.R'.
   Trying implicit prerequisite 'RCS/MLE_start.R,v'.
   Trying pattern rule with stem 'MLE_start.R'.
   Trying implicit prerequisite 'RCS/MLE_start.R'.
   Trying pattern rule with stem 'MLE_start.R'.
   Trying implicit prerequisite 's.MLE_start.R'.
   Trying pattern rule with stem 'MLE_start.R'.
   Trying implicit prerequisite 'SCCS/s.MLE_start.R'.
   No implicit rule found for 'MLE_start.R'.
   Finished prerequisites of target file 'MLE_start.R'.
  No need to remake target 'MLE_start.R'.
  Considering target file 'mpophc_cartoon.R'.
   Looking for an implicit rule for 'mpophc_cartoon.R'.
   Trying pattern rule with stem 'mpophc_cartoon.R'.
   Trying implicit prerequisite 'mpophc_cartoon.R,v'.
   Trying pattern rule with stem 'mpophc_cartoon.R'.
   Trying implicit prerequisite 'RCS/mpophc_cartoon.R,v'.
   Trying pattern rule with stem 'mpophc_cartoon.R'.
   Trying implicit prerequisite 'RCS/mpophc_cartoon.R'.
   Trying pattern rule with stem 'mpophc_cartoon.R'.
   Trying implicit prerequisite 's.mpophc_cartoon.R'.
   Trying pattern rule with stem 'mpophc_cartoon.R'.
   Trying implicit prerequisite 'SCCS/s.mpophc_cartoon.R'.
   No implicit rule found for 'mpophc_cartoon.R'.
   Finished prerequisites of target file 'mpophc_cartoon.R'.
  No need to remake target 'mpophc_cartoon.R'.
  Considering target file 'myLloyd-Smith.R'.
   Looking for an implicit rule for 'myLloyd-Smith.R'.
   Trying pattern rule with stem 'myLloyd-Smith.R'.
   Trying implicit prerequisite 'myLloyd-Smith.R,v'.
   Trying pattern rule with stem 'myLloyd-Smith.R'.
   Trying implicit prerequisite 'RCS/myLloyd-Smith.R,v'.
   Trying pattern rule with stem 'myLloyd-Smith.R'.
   Trying implicit prerequisite 'RCS/myLloyd-Smith.R'.
   Trying pattern rule with stem 'myLloyd-Smith.R'.
   Trying implicit prerequisite 's.myLloyd-Smith.R'.
   Trying pattern rule with stem 'myLloyd-Smith.R'.
   Trying implicit prerequisite 'SCCS/s.myLloyd-Smith.R'.
   No implicit rule found for 'myLloyd-Smith.R'.
   Finished prerequisites of target file 'myLloyd-Smith.R'.
  No need to remake target 'myLloyd-Smith.R'.
  Considering target file 'myMeehan.R'.
   Looking for an implicit rule for 'myMeehan.R'.
   Trying pattern rule with stem 'myMeehan.R'.
   Trying implicit prerequisite 'myMeehan.R,v'.
   Trying pattern rule with stem 'myMeehan.R'.
   Trying implicit prerequisite 'RCS/myMeehan.R,v'.
   Trying pattern rule with stem 'myMeehan.R'.
   Trying implicit prerequisite 'RCS/myMeehan.R'.
   Trying pattern rule with stem 'myMeehan.R'.
   Trying implicit prerequisite 's.myMeehan.R'.
   Trying pattern rule with stem 'myMeehan.R'.
   Trying implicit prerequisite 'SCCS/s.myMeehan.R'.
   No implicit rule found for 'myMeehan.R'.
   Finished prerequisites of target file 'myMeehan.R'.
  No need to remake target 'myMeehan.R'.
  Considering target file 'NB_fits_early_epidemic_fine.R'.
   Looking for an implicit rule for 'NB_fits_early_epidemic_fine.R'.
   Trying pattern rule with stem 'NB_fits_early_epidemic_fine.R'.
   Trying implicit prerequisite 'NB_fits_early_epidemic_fine.R,v'.
   Trying pattern rule with stem 'NB_fits_early_epidemic_fine.R'.
   Trying implicit prerequisite 'RCS/NB_fits_early_epidemic_fine.R,v'.
   Trying pattern rule with stem 'NB_fits_early_epidemic_fine.R'.
   Trying implicit prerequisite 'RCS/NB_fits_early_epidemic_fine.R'.
   Trying pattern rule with stem 'NB_fits_early_epidemic_fine.R'.
   Trying implicit prerequisite 's.NB_fits_early_epidemic_fine.R'.
   Trying pattern rule with stem 'NB_fits_early_epidemic_fine.R'.
   Trying implicit prerequisite 'SCCS/s.NB_fits_early_epidemic_fine.R'.
   No implicit rule found for 'NB_fits_early_epidemic_fine.R'.
   Finished prerequisites of target file 'NB_fits_early_epidemic_fine.R'.
  No need to remake target 'NB_fits_early_epidemic_fine.R'.
  Considering target file 'nbinom_RTMB.R'.
   Looking for an implicit rule for 'nbinom_RTMB.R'.
   Trying pattern rule with stem 'nbinom_RTMB.R'.
   Trying implicit prerequisite 'nbinom_RTMB.R,v'.
   Trying pattern rule with stem 'nbinom_RTMB.R'.
   Trying implicit prerequisite 'RCS/nbinom_RTMB.R,v'.
   Trying pattern rule with stem 'nbinom_RTMB.R'.
   Trying implicit prerequisite 'RCS/nbinom_RTMB.R'.
   Trying pattern rule with stem 'nbinom_RTMB.R'.
   Trying implicit prerequisite 's.nbinom_RTMB.R'.
   Trying pattern rule with stem 'nbinom_RTMB.R'.
   Trying implicit prerequisite 'SCCS/s.nbinom_RTMB.R'.
   No implicit rule found for 'nbinom_RTMB.R'.
   Finished prerequisites of target file 'nbinom_RTMB.R'.
  No need to remake target 'nbinom_RTMB.R'.
  Considering target file 'nbinom_stability.R'.
   Looking for an implicit rule for 'nbinom_stability.R'.
   Trying pattern rule with stem 'nbinom_stability.R'.
   Trying implicit prerequisite 'nbinom_stability.R,v'.
   Trying pattern rule with stem 'nbinom_stability.R'.
   Trying implicit prerequisite 'RCS/nbinom_stability.R,v'.
   Trying pattern rule with stem 'nbinom_stability.R'.
   Trying implicit prerequisite 'RCS/nbinom_stability.R'.
   Trying pattern rule with stem 'nbinom_stability.R'.
   Trying implicit prerequisite 's.nbinom_stability.R'.
   Trying pattern rule with stem 'nbinom_stability.R'.
   Trying implicit prerequisite 'SCCS/s.nbinom_stability.R'.
   No implicit rule found for 'nbinom_stability.R'.
   Finished prerequisites of target file 'nbinom_stability.R'.
  No need to remake target 'nbinom_stability.R'.
  Considering target file 'nbinom_z.R'.
   Looking for an implicit rule for 'nbinom_z.R'.
   Trying pattern rule with stem 'nbinom_z.R'.
   Trying implicit prerequisite 'nbinom_z.R,v'.
   Trying pattern rule with stem 'nbinom_z.R'.
   Trying implicit prerequisite 'RCS/nbinom_z.R,v'.
   Trying pattern rule with stem 'nbinom_z.R'.
   Trying implicit prerequisite 'RCS/nbinom_z.R'.
   Trying pattern rule with stem 'nbinom_z.R'.
   Trying implicit prerequisite 's.nbinom_z.R'.
   Trying pattern rule with stem 'nbinom_z.R'.
   Trying implicit prerequisite 'SCCS/s.nbinom_z.R'.
   No implicit rule found for 'nbinom_z.R'.
   Finished prerequisites of target file 'nbinom_z.R'.
  No need to remake target 'nbinom_z.R'.
  Considering target file 'nbtest.R'.
   Looking for an implicit rule for 'nbtest.R'.
   Trying pattern rule with stem 'nbtest.R'.
   Trying implicit prerequisite 'nbtest.R,v'.
   Trying pattern rule with stem 'nbtest.R'.
   Trying implicit prerequisite 'RCS/nbtest.R,v'.
   Trying pattern rule with stem 'nbtest.R'.
   Trying implicit prerequisite 'RCS/nbtest.R'.
   Trying pattern rule with stem 'nbtest.R'.
   Trying implicit prerequisite 's.nbtest.R'.
   Trying pattern rule with stem 'nbtest.R'.
   Trying implicit prerequisite 'SCCS/s.nbtest.R'.
   No implicit rule found for 'nbtest.R'.
   Finished prerequisites of target file 'nbtest.R'.
  No need to remake target 'nbtest.R'.
  Considering target file 'pdfFromRates.R'.
   Looking for an implicit rule for 'pdfFromRates.R'.
   Trying pattern rule with stem 'pdfFromRates.R'.
   Trying implicit prerequisite 'pdfFromRates.R,v'.
   Trying pattern rule with stem 'pdfFromRates.R'.
   Trying implicit prerequisite 'RCS/pdfFromRates.R,v'.
   Trying pattern rule with stem 'pdfFromRates.R'.
   Trying implicit prerequisite 'RCS/pdfFromRates.R'.
   Trying pattern rule with stem 'pdfFromRates.R'.
   Trying implicit prerequisite 's.pdfFromRates.R'.
   Trying pattern rule with stem 'pdfFromRates.R'.
   Trying implicit prerequisite 'SCCS/s.pdfFromRates.R'.
   No implicit rule found for 'pdfFromRates.R'.
   Finished prerequisites of target file 'pdfFromRates.R'.
  No need to remake target 'pdfFromRates.R'.
  Considering target file 'plotEmergent.R'.
   Looking for an implicit rule for 'plotEmergent.R'.
   Trying pattern rule with stem 'plotEmergent.R'.
   Trying implicit prerequisite 'plotEmergent.R,v'.
   Trying pattern rule with stem 'plotEmergent.R'.
   Trying implicit prerequisite 'RCS/plotEmergent.R,v'.
   Trying pattern rule with stem 'plotEmergent.R'.
   Trying implicit prerequisite 'RCS/plotEmergent.R'.
   Trying pattern rule with stem 'plotEmergent.R'.
   Trying implicit prerequisite 's.plotEmergent.R'.
   Trying pattern rule with stem 'plotEmergent.R'.
   Trying implicit prerequisite 'SCCS/s.plotEmergent.R'.
   No implicit rule found for 'plotEmergent.R'.
   Finished prerequisites of target file 'plotEmergent.R'.
  No need to remake target 'plotEmergent.R'.
  Considering target file 'plotMPOPHC.R'.
   Looking for an implicit rule for 'plotMPOPHC.R'.
   Trying pattern rule with stem 'plotMPOPHC.R'.
   Trying implicit prerequisite 'plotMPOPHC.R,v'.
   Trying pattern rule with stem 'plotMPOPHC.R'.
   Trying implicit prerequisite 'RCS/plotMPOPHC.R,v'.
   Trying pattern rule with stem 'plotMPOPHC.R'.
   Trying implicit prerequisite 'RCS/plotMPOPHC.R'.
   Trying pattern rule with stem 'plotMPOPHC.R'.
   Trying implicit prerequisite 's.plotMPOPHC.R'.
   Trying pattern rule with stem 'plotMPOPHC.R'.
   Trying implicit prerequisite 'SCCS/s.plotMPOPHC.R'.
   No implicit rule found for 'plotMPOPHC.R'.
   Finished prerequisites of target file 'plotMPOPHC.R'.
  No need to remake target 'plotMPOPHC.R'.
  Considering target file 'plotPMF_PDF_ineq.R'.
   Looking for an implicit rule for 'plotPMF_PDF_ineq.R'.
   Trying pattern rule with stem 'plotPMF_PDF_ineq.R'.
   Trying implicit prerequisite 'plotPMF_PDF_ineq.R,v'.
   Trying pattern rule with stem 'plotPMF_PDF_ineq.R'.
   Trying implicit prerequisite 'RCS/plotPMF_PDF_ineq.R,v'.
   Trying pattern rule with stem 'plotPMF_PDF_ineq.R'.
   Trying implicit prerequisite 'RCS/plotPMF_PDF_ineq.R'.
   Trying pattern rule with stem 'plotPMF_PDF_ineq.R'.
   Trying implicit prerequisite 's.plotPMF_PDF_ineq.R'.
   Trying pattern rule with stem 'plotPMF_PDF_ineq.R'.
   Trying implicit prerequisite 'SCCS/s.plotPMF_PDF_ineq.R'.
   No implicit rule found for 'plotPMF_PDF_ineq.R'.
   Finished prerequisites of target file 'plotPMF_PDF_ineq.R'.
  No need to remake target 'plotPMF_PDF_ineq.R'.
  Considering target file 'recFun.R'.
   Looking for an implicit rule for 'recFun.R'.
   Trying pattern rule with stem 'recFun.R'.
   Trying implicit prerequisite 'recFun.R,v'.
   Trying pattern rule with stem 'recFun.R'.
   Trying implicit prerequisite 'RCS/recFun.R,v'.
   Trying pattern rule with stem 'recFun.R'.
   Trying implicit prerequisite 'RCS/recFun.R'.
   Trying pattern rule with stem 'recFun.R'.
   Trying implicit prerequisite 's.recFun.R'.
   Trying pattern rule with stem 'recFun.R'.
   Trying implicit prerequisite 'SCCS/s.recFun.R'.
   No implicit rule found for 'recFun.R'.
   Finished prerequisites of target file 'recFun.R'.
  No need to remake target 'recFun.R'.
  Considering target file 'saturate.R'.
   Looking for an implicit rule for 'saturate.R'.
   Trying pattern rule with stem 'saturate.R'.
   Trying implicit prerequisite 'saturate.R,v'.
   Trying pattern rule with stem 'saturate.R'.
   Trying implicit prerequisite 'RCS/saturate.R,v'.
   Trying pattern rule with stem 'saturate.R'.
   Trying implicit prerequisite 'RCS/saturate.R'.
   Trying pattern rule with stem 'saturate.R'.
   Trying implicit prerequisite 's.saturate.R'.
   Trying pattern rule with stem 'saturate.R'.
   Trying implicit prerequisite 'SCCS/s.saturate.R'.
   No implicit rule found for 'saturate.R'.
   Finished prerequisites of target file 'saturate.R'.
  No need to remake target 'saturate.R'.
  Considering target file 'scribble_before_JSW_meeting.R'.
   Looking for an implicit rule for 'scribble_before_JSW_meeting.R'.
   Trying pattern rule with stem 'scribble_before_JSW_meeting.R'.
   Trying implicit prerequisite 'scribble_before_JSW_meeting.R,v'.
   Trying pattern rule with stem 'scribble_before_JSW_meeting.R'.
   Trying implicit prerequisite 'RCS/scribble_before_JSW_meeting.R,v'.
   Trying pattern rule with stem 'scribble_before_JSW_meeting.R'.
   Trying implicit prerequisite 'RCS/scribble_before_JSW_meeting.R'.
   Trying pattern rule with stem 'scribble_before_JSW_meeting.R'.
   Trying implicit prerequisite 's.scribble_before_JSW_meeting.R'.
   Trying pattern rule with stem 'scribble_before_JSW_meeting.R'.
   Trying implicit prerequisite 'SCCS/s.scribble_before_JSW_meeting.R'.
   No implicit rule found for 'scribble_before_JSW_meeting.R'.
   Finished prerequisites of target file 'scribble_before_JSW_meeting.R'.
  No need to remake target 'scribble_before_JSW_meeting.R'.
  Considering target file 'sculpt.R'.
   Looking for an implicit rule for 'sculpt.R'.
   Trying pattern rule with stem 'sculpt.R'.
   Trying implicit prerequisite 'sculpt.R,v'.
   Trying pattern rule with stem 'sculpt.R'.
   Trying implicit prerequisite 'RCS/sculpt.R,v'.
   Trying pattern rule with stem 'sculpt.R'.
   Trying implicit prerequisite 'RCS/sculpt.R'.
   Trying pattern rule with stem 'sculpt.R'.
   Trying implicit prerequisite 's.sculpt.R'.
   Trying pattern rule with stem 'sculpt.R'.
   Trying implicit prerequisite 'SCCS/s.sculpt.R'.
   No implicit rule found for 'sculpt.R'.
   Finished prerequisites of target file 'sculpt.R'.
  No need to remake target 'sculpt.R'.
  Considering target file 'secondaryDistributionPlots.R'.
   Looking for an implicit rule for 'secondaryDistributionPlots.R'.
   Trying pattern rule with stem 'secondaryDistributionPlots.R'.
   Trying implicit prerequisite 'secondaryDistributionPlots.R,v'.
   Trying pattern rule with stem 'secondaryDistributionPlots.R'.
   Trying implicit prerequisite 'RCS/secondaryDistributionPlots.R,v'.
   Trying pattern rule with stem 'secondaryDistributionPlots.R'.
   Trying implicit prerequisite 'RCS/secondaryDistributionPlots.R'.
   Trying pattern rule with stem 'secondaryDistributionPlots.R'.
   Trying implicit prerequisite 's.secondaryDistributionPlots.R'.
   Trying pattern rule with stem 'secondaryDistributionPlots.R'.
   Trying implicit prerequisite 'SCCS/s.secondaryDistributionPlots.R'.
   No implicit rule found for 'secondaryDistributionPlots.R'.
   Finished prerequisites of target file 'secondaryDistributionPlots.R'.
  No need to remake target 'secondaryDistributionPlots.R'.
  Considering target file 'simDist.R'.
   Looking for an implicit rule for 'simDist.R'.
   Trying pattern rule with stem 'simDist.R'.
   Trying implicit prerequisite 'simDist.R,v'.
   Trying pattern rule with stem 'simDist.R'.
   Trying implicit prerequisite 'RCS/simDist.R,v'.
   Trying pattern rule with stem 'simDist.R'.
   Trying implicit prerequisite 'RCS/simDist.R'.
   Trying pattern rule with stem 'simDist.R'.
   Trying implicit prerequisite 's.simDist.R'.
   Trying pattern rule with stem 'simDist.R'.
   Trying implicit prerequisite 'SCCS/s.simDist.R'.
   No implicit rule found for 'simDist.R'.
   Finished prerequisites of target file 'simDist.R'.
  No need to remake target 'simDist.R'.
  Considering target file 'sim_exp.R'.
   Looking for an implicit rule for 'sim_exp.R'.
   Trying pattern rule with stem 'sim_exp.R'.
   Trying implicit prerequisite 'sim_exp.R,v'.
   Trying pattern rule with stem 'sim_exp.R'.
   Trying implicit prerequisite 'RCS/sim_exp.R,v'.
   Trying pattern rule with stem 'sim_exp.R'.
   Trying implicit prerequisite 'RCS/sim_exp.R'.
   Trying pattern rule with stem 'sim_exp.R'.
   Trying implicit prerequisite 's.sim_exp.R'.
   Trying pattern rule with stem 'sim_exp.R'.
   Trying implicit prerequisite 'SCCS/s.sim_exp.R'.
   No implicit rule found for 'sim_exp.R'.
   Finished prerequisites of target file 'sim_exp.R'.
  No need to remake target 'sim_exp.R'.
  Considering target file 'sim_gamma.R'.
   Looking for an implicit rule for 'sim_gamma.R'.
   Trying pattern rule with stem 'sim_gamma.R'.
   Trying implicit prerequisite 'sim_gamma.R,v'.
   Trying pattern rule with stem 'sim_gamma.R'.
   Trying implicit prerequisite 'RCS/sim_gamma.R,v'.
   Trying pattern rule with stem 'sim_gamma.R'.
   Trying implicit prerequisite 'RCS/sim_gamma.R'.
   Trying pattern rule with stem 'sim_gamma.R'.
   Trying implicit prerequisite 's.sim_gamma.R'.
   Trying pattern rule with stem 'sim_gamma.R'.
   Trying implicit prerequisite 'SCCS/s.sim_gamma.R'.
   No implicit rule found for 'sim_gamma.R'.
   Finished prerequisites of target file 'sim_gamma.R'.
  No need to remake target 'sim_gamma.R'.
  Considering target file 'sim_lnorm.R'.
   Looking for an implicit rule for 'sim_lnorm.R'.
   Trying pattern rule with stem 'sim_lnorm.R'.
   Trying implicit prerequisite 'sim_lnorm.R,v'.
   Trying pattern rule with stem 'sim_lnorm.R'.
   Trying implicit prerequisite 'RCS/sim_lnorm.R,v'.
   Trying pattern rule with stem 'sim_lnorm.R'.
   Trying implicit prerequisite 'RCS/sim_lnorm.R'.
   Trying pattern rule with stem 'sim_lnorm.R'.
   Trying implicit prerequisite 's.sim_lnorm.R'.
   Trying pattern rule with stem 'sim_lnorm.R'.
   Trying implicit prerequisite 'SCCS/s.sim_lnorm.R'.
   No implicit rule found for 'sim_lnorm.R'.
   Finished prerequisites of target file 'sim_lnorm.R'.
  No need to remake target 'sim_lnorm.R'.
  Considering target file 'SO_MRE.R'.
   Looking for an implicit rule for 'SO_MRE.R'.
   Trying pattern rule with stem 'SO_MRE.R'.
   Trying implicit prerequisite 'SO_MRE.R,v'.
   Trying pattern rule with stem 'SO_MRE.R'.
   Trying implicit prerequisite 'RCS/SO_MRE.R,v'.
   Trying pattern rule with stem 'SO_MRE.R'.
   Trying implicit prerequisite 'RCS/SO_MRE.R'.
   Trying pattern rule with stem 'SO_MRE.R'.
   Trying implicit prerequisite 's.SO_MRE.R'.
   Trying pattern rule with stem 'SO_MRE.R'.
   Trying implicit prerequisite 'SCCS/s.SO_MRE.R'.
   No implicit rule found for 'SO_MRE.R'.
   Finished prerequisites of target file 'SO_MRE.R'.
  No need to remake target 'SO_MRE.R'.
  Considering target file 'spreadHelpers.R'.
   Looking for an implicit rule for 'spreadHelpers.R'.
   Trying pattern rule with stem 'spreadHelpers.R'.
   Trying implicit prerequisite 'spreadHelpers.R,v'.
   Trying pattern rule with stem 'spreadHelpers.R'.
   Trying implicit prerequisite 'RCS/spreadHelpers.R,v'.
   Trying pattern rule with stem 'spreadHelpers.R'.
   Trying implicit prerequisite 'RCS/spreadHelpers.R'.
   Trying pattern rule with stem 'spreadHelpers.R'.
   Trying implicit prerequisite 's.spreadHelpers.R'.
   Trying pattern rule with stem 'spreadHelpers.R'.
   Trying implicit prerequisite 'SCCS/s.spreadHelpers.R'.
   No implicit rule found for 'spreadHelpers.R'.
   Finished prerequisites of target file 'spreadHelpers.R'.
  No need to remake target 'spreadHelpers.R'.
  Considering target file 'test.pars.R'.
   Looking for an implicit rule for 'test.pars.R'.
   Trying pattern rule with stem 'test.pars.R'.
   Trying implicit prerequisite 'test.pars.R,v'.
   Trying pattern rule with stem 'test.pars.R'.
   Trying implicit prerequisite 'RCS/test.pars.R,v'.
   Trying pattern rule with stem 'test.pars.R'.
   Trying implicit prerequisite 'RCS/test.pars.R'.
   Trying pattern rule with stem 'test.pars.R'.
   Trying implicit prerequisite 's.test.pars.R'.
   Trying pattern rule with stem 'test.pars.R'.
   Trying implicit prerequisite 'SCCS/s.test.pars.R'.
   No implicit rule found for 'test.pars.R'.
   Finished prerequisites of target file 'test.pars.R'.
  No need to remake target 'test.pars.R'.
  Considering target file 'toPeak.R'.
   Looking for an implicit rule for 'toPeak.R'.
   Trying pattern rule with stem 'toPeak.R'.
   Trying implicit prerequisite 'toPeak.R,v'.
   Trying pattern rule with stem 'toPeak.R'.
   Trying implicit prerequisite 'RCS/toPeak.R,v'.
   Trying pattern rule with stem 'toPeak.R'.
   Trying implicit prerequisite 'RCS/toPeak.R'.
   Trying pattern rule with stem 'toPeak.R'.
   Trying implicit prerequisite 's.toPeak.R'.
   Trying pattern rule with stem 'toPeak.R'.
   Trying implicit prerequisite 'SCCS/s.toPeak.R'.
   No implicit rule found for 'toPeak.R'.
   Finished prerequisites of target file 'toPeak.R'.
  No need to remake target 'toPeak.R'.
  Considering target file 'tpeak.R'.
   Looking for an implicit rule for 'tpeak.R'.
   Trying pattern rule with stem 'tpeak.R'.
   Trying implicit prerequisite 'tpeak.R,v'.
   Trying pattern rule with stem 'tpeak.R'.
   Trying implicit prerequisite 'RCS/tpeak.R,v'.
   Trying pattern rule with stem 'tpeak.R'.
   Trying implicit prerequisite 'RCS/tpeak.R'.
   Trying pattern rule with stem 'tpeak.R'.
   Trying implicit prerequisite 's.tpeak.R'.
   Trying pattern rule with stem 'tpeak.R'.
   Trying implicit prerequisite 'SCCS/s.tpeak.R'.
   No implicit rule found for 'tpeak.R'.
   Finished prerequisites of target file 'tpeak.R'.
  No need to remake target 'tpeak.R'.
  Considering target file 'two_speeds.R'.
   Looking for an implicit rule for 'two_speeds.R'.
   Trying pattern rule with stem 'two_speeds.R'.
   Trying implicit prerequisite 'two_speeds.R,v'.
   Trying pattern rule with stem 'two_speeds.R'.
   Trying implicit prerequisite 'RCS/two_speeds.R,v'.
   Trying pattern rule with stem 'two_speeds.R'.
   Trying implicit prerequisite 'RCS/two_speeds.R'.
   Trying pattern rule with stem 'two_speeds.R'.
   Trying implicit prerequisite 's.two_speeds.R'.
   Trying pattern rule with stem 'two_speeds.R'.
   Trying implicit prerequisite 'SCCS/s.two_speeds.R'.
   No implicit rule found for 'two_speeds.R'.
   Finished prerequisites of target file 'two_speeds.R'.
  No need to remake target 'two_speeds.R'.
  Considering target file 'vectorSize.R'.
   Looking for an implicit rule for 'vectorSize.R'.
   Trying pattern rule with stem 'vectorSize.R'.
   Trying implicit prerequisite 'vectorSize.R,v'.
   Trying pattern rule with stem 'vectorSize.R'.
   Trying implicit prerequisite 'RCS/vectorSize.R,v'.
   Trying pattern rule with stem 'vectorSize.R'.
   Trying implicit prerequisite 'RCS/vectorSize.R'.
   Trying pattern rule with stem 'vectorSize.R'.
   Trying implicit prerequisite 's.vectorSize.R'.
   Trying pattern rule with stem 'vectorSize.R'.
   Trying implicit prerequisite 'SCCS/s.vectorSize.R'.
   No implicit rule found for 'vectorSize.R'.
   Finished prerequisites of target file 'vectorSize.R'.
  No need to remake target 'vectorSize.R'.
  Considering target file 'why_low_kappa.R'.
   Looking for an implicit rule for 'why_low_kappa.R'.
   Trying pattern rule with stem 'why_low_kappa.R'.
   Trying implicit prerequisite 'why_low_kappa.R,v'.
   Trying pattern rule with stem 'why_low_kappa.R'.
   Trying implicit prerequisite 'RCS/why_low_kappa.R,v'.
   Trying pattern rule with stem 'why_low_kappa.R'.
   Trying implicit prerequisite 'RCS/why_low_kappa.R'.
   Trying pattern rule with stem 'why_low_kappa.R'.
   Trying implicit prerequisite 's.why_low_kappa.R'.
   Trying pattern rule with stem 'why_low_kappa.R'.
   Trying implicit prerequisite 'SCCS/s.why_low_kappa.R'.
   No implicit rule found for 'why_low_kappa.R'.
   Finished prerequisites of target file 'why_low_kappa.R'.
  No need to remake target 'why_low_kappa.R'.
  Considering target file 'cap1Draft.md'.
   Looking for an implicit rule for 'cap1Draft.md'.
   Trying pattern rule with stem 'cap1Draft.md'.
   Trying implicit prerequisite 'cap1Draft.md,v'.
   Trying pattern rule with stem 'cap1Draft.md'.
   Trying implicit prerequisite 'RCS/cap1Draft.md,v'.
   Trying pattern rule with stem 'cap1Draft.md'.
   Trying implicit prerequisite 'RCS/cap1Draft.md'.
   Trying pattern rule with stem 'cap1Draft.md'.
   Trying implicit prerequisite 's.cap1Draft.md'.
   Trying pattern rule with stem 'cap1Draft.md'.
   Trying implicit prerequisite 'SCCS/s.cap1Draft.md'.
   No implicit rule found for 'cap1Draft.md'.
   Finished prerequisites of target file 'cap1Draft.md'.
  No need to remake target 'cap1Draft.md'.
  Considering target file 'defineConjecture.md'.
   Looking for an implicit rule for 'defineConjecture.md'.
   Trying pattern rule with stem 'defineConjecture.md'.
   Trying implicit prerequisite 'defineConjecture.md,v'.
   Trying pattern rule with stem 'defineConjecture.md'.
   Trying implicit prerequisite 'RCS/defineConjecture.md,v'.
   Trying pattern rule with stem 'defineConjecture.md'.
   Trying implicit prerequisite 'RCS/defineConjecture.md'.
   Trying pattern rule with stem 'defineConjecture.md'.
   Trying implicit prerequisite 's.defineConjecture.md'.
   Trying pattern rule with stem 'defineConjecture.md'.
   Trying implicit prerequisite 'SCCS/s.defineConjecture.md'.
   No implicit rule found for 'defineConjecture.md'.
   Finished prerequisites of target file 'defineConjecture.md'.
  No need to remake target 'defineConjecture.md'.
  Considering target file 'drop.md'.
   Looking for an implicit rule for 'drop.md'.
   Trying pattern rule with stem 'drop.md'.
   Trying implicit prerequisite 'drop.md,v'.
   Trying pattern rule with stem 'drop.md'.
   Trying implicit prerequisite 'RCS/drop.md,v'.
   Trying pattern rule with stem 'drop.md'.
   Trying implicit prerequisite 'RCS/drop.md'.
   Trying pattern rule with stem 'drop.md'.
   Trying implicit prerequisite 's.drop.md'.
   Trying pattern rule with stem 'drop.md'.
   Trying implicit prerequisite 'SCCS/s.drop.md'.
   No implicit rule found for 'drop.md'.
   Finished prerequisites of target file 'drop.md'.
  No need to remake target 'drop.md'.
  Considering target file 'IBM_sketch.md'.
   Looking for an implicit rule for 'IBM_sketch.md'.
   Trying pattern rule with stem 'IBM_sketch.md'.
   Trying implicit prerequisite 'IBM_sketch.md,v'.
   Trying pattern rule with stem 'IBM_sketch.md'.
   Trying implicit prerequisite 'RCS/IBM_sketch.md,v'.
   Trying pattern rule with stem 'IBM_sketch.md'.
   Trying implicit prerequisite 'RCS/IBM_sketch.md'.
   Trying pattern rule with stem 'IBM_sketch.md'.
   Trying implicit prerequisite 's.IBM_sketch.md'.
   Trying pattern rule with stem 'IBM_sketch.md'.
   Trying implicit prerequisite 'SCCS/s.IBM_sketch.md'.
   No implicit rule found for 'IBM_sketch.md'.
   Finished prerequisites of target file 'IBM_sketch.md'.
  No need to remake target 'IBM_sketch.md'.
  Considering target file 'integrationNotes.md'.
   Looking for an implicit rule for 'integrationNotes.md'.
   Trying pattern rule with stem 'integrationNotes.md'.
   Trying implicit prerequisite 'integrationNotes.md,v'.
   Trying pattern rule with stem 'integrationNotes.md'.
   Trying implicit prerequisite 'RCS/integrationNotes.md,v'.
   Trying pattern rule with stem 'integrationNotes.md'.
   Trying implicit prerequisite 'RCS/integrationNotes.md'.
   Trying pattern rule with stem 'integrationNotes.md'.
   Trying implicit prerequisite 's.integrationNotes.md'.
   Trying pattern rule with stem 'integrationNotes.md'.
   Trying implicit prerequisite 'SCCS/s.integrationNotes.md'.
   No implicit rule found for 'integrationNotes.md'.
   Finished prerequisites of target file 'integrationNotes.md'.
  No need to remake target 'integrationNotes.md'.
  Considering target file 'JacopoNotes.md'.
   Looking for an implicit rule for 'JacopoNotes.md'.
   Trying pattern rule with stem 'JacopoNotes.md'.
   Trying implicit prerequisite 'JacopoNotes.md,v'.
   Trying pattern rule with stem 'JacopoNotes.md'.
   Trying implicit prerequisite 'RCS/JacopoNotes.md,v'.
   Trying pattern rule with stem 'JacopoNotes.md'.
   Trying implicit prerequisite 'RCS/JacopoNotes.md'.
   Trying pattern rule with stem 'JacopoNotes.md'.
   Trying implicit prerequisite 's.JacopoNotes.md'.
   Trying pattern rule with stem 'JacopoNotes.md'.
   Trying implicit prerequisite 'SCCS/s.JacopoNotes.md'.
   No implicit rule found for 'JacopoNotes.md'.
   Finished prerequisites of target file 'JacopoNotes.md'.
  No need to remake target 'JacopoNotes.md'.
  Considering target file 'outline.md'.
   Looking for an implicit rule for 'outline.md'.
   Trying pattern rule with stem 'outline.md'.
   Trying implicit prerequisite 'outline.md,v'.
   Trying pattern rule with stem 'outline.md'.
   Trying implicit prerequisite 'RCS/outline.md,v'.
   Trying pattern rule with stem 'outline.md'.
   Trying implicit prerequisite 'RCS/outline.md'.
   Trying pattern rule with stem 'outline.md'.
   Trying implicit prerequisite 's.outline.md'.
   Trying pattern rule with stem 'outline.md'.
   Trying implicit prerequisite 'SCCS/s.outline.md'.
   No implicit rule found for 'outline.md'.
   Finished prerequisites of target file 'outline.md'.
  No need to remake target 'outline.md'.
  Considering target file 'phi.md'.
   Looking for an implicit rule for 'phi.md'.
   Trying pattern rule with stem 'phi.md'.
   Trying implicit prerequisite 'phi.md,v'.
   Trying pattern rule with stem 'phi.md'.
   Trying implicit prerequisite 'RCS/phi.md,v'.
   Trying pattern rule with stem 'phi.md'.
   Trying implicit prerequisite 'RCS/phi.md'.
   Trying pattern rule with stem 'phi.md'.
   Trying implicit prerequisite 's.phi.md'.
   Trying pattern rule with stem 'phi.md'.
   Trying implicit prerequisite 'SCCS/s.phi.md'.
   No implicit rule found for 'phi.md'.
   Finished prerequisites of target file 'phi.md'.
  No need to remake target 'phi.md'.
  Considering target file 'quadraticNotes.md'.
   Looking for an implicit rule for 'quadraticNotes.md'.
   Trying pattern rule with stem 'quadraticNotes.md'.
   Trying implicit prerequisite 'quadraticNotes.md,v'.
   Trying pattern rule with stem 'quadraticNotes.md'.
   Trying implicit prerequisite 'RCS/quadraticNotes.md,v'.
   Trying pattern rule with stem 'quadraticNotes.md'.
   Trying implicit prerequisite 'RCS/quadraticNotes.md'.
   Trying pattern rule with stem 'quadraticNotes.md'.
   Trying implicit prerequisite 's.quadraticNotes.md'.
   Trying pattern rule with stem 'quadraticNotes.md'.
   Trying implicit prerequisite 'SCCS/s.quadraticNotes.md'.
   No implicit rule found for 'quadraticNotes.md'.
   Finished prerequisites of target file 'quadraticNotes.md'.
  No need to remake target 'quadraticNotes.md'.
  Considering target file 'README.md'.
   Looking for an implicit rule for 'README.md'.
   Trying pattern rule with stem 'README.md'.
   Trying implicit prerequisite 'README.md,v'.
   Trying pattern rule with stem 'README.md'.
   Trying implicit prerequisite 'RCS/README.md,v'.
   Trying pattern rule with stem 'README.md'.
   Trying implicit prerequisite 'RCS/README.md'.
   Trying pattern rule with stem 'README.md'.
   Trying implicit prerequisite 's.README.md'.
   Trying pattern rule with stem 'README.md'.
   Trying implicit prerequisite 'SCCS/s.README.md'.
   No implicit rule found for 'README.md'.
   Finished prerequisites of target file 'README.md'.
  No need to remake target 'README.md'.
  Considering target file 'RenewalCaseReproduction.md'.
   Looking for an implicit rule for 'RenewalCaseReproduction.md'.
   Trying pattern rule with stem 'RenewalCaseReproduction.md'.
   Trying implicit prerequisite 'RenewalCaseReproduction.md,v'.
   Trying pattern rule with stem 'RenewalCaseReproduction.md'.
   Trying implicit prerequisite 'RCS/RenewalCaseReproduction.md,v'.
   Trying pattern rule with stem 'RenewalCaseReproduction.md'.
   Trying implicit prerequisite 'RCS/RenewalCaseReproduction.md'.
   Trying pattern rule with stem 'RenewalCaseReproduction.md'.
   Trying implicit prerequisite 's.RenewalCaseReproduction.md'.
   Trying pattern rule with stem 'RenewalCaseReproduction.md'.
   Trying implicit prerequisite 'SCCS/s.RenewalCaseReproduction.md'.
   No implicit rule found for 'RenewalCaseReproduction.md'.
   Finished prerequisites of target file 'RenewalCaseReproduction.md'.
  No need to remake target 'RenewalCaseReproduction.md'.
  Considering target file 'Spreadiness.md'.
   Looking for an implicit rule for 'Spreadiness.md'.
   Trying pattern rule with stem 'Spreadiness.md'.
   Trying implicit prerequisite 'Spreadiness.md,v'.
   Trying pattern rule with stem 'Spreadiness.md'.
   Trying implicit prerequisite 'RCS/Spreadiness.md,v'.
   Trying pattern rule with stem 'Spreadiness.md'.
   Trying implicit prerequisite 'RCS/Spreadiness.md'.
   Trying pattern rule with stem 'Spreadiness.md'.
   Trying implicit prerequisite 's.Spreadiness.md'.
   Trying pattern rule with stem 'Spreadiness.md'.
   Trying implicit prerequisite 'SCCS/s.Spreadiness.md'.
   No implicit rule found for 'Spreadiness.md'.
   Finished prerequisites of target file 'Spreadiness.md'.
  No need to remake target 'Spreadiness.md'.
  Pruning file 'IBM_sketch.md'.
  Considering target file 'forward.tex'.
   Looking for an implicit rule for 'forward.tex'.
   Trying pattern rule with stem 'forward'.
   Trying implicit prerequisite 'forward.w'.
   Trying pattern rule with stem 'forward.tex'.
   Trying implicit prerequisite 'forward.tex,v'.
   Trying pattern rule with stem 'forward.tex'.
   Trying implicit prerequisite 'RCS/forward.tex,v'.
   Trying pattern rule with stem 'forward.tex'.
   Trying implicit prerequisite 'RCS/forward.tex'.
   Trying pattern rule with stem 'forward.tex'.
   Trying implicit prerequisite 's.forward.tex'.
   Trying pattern rule with stem 'forward.tex'.
   Trying implicit prerequisite 'SCCS/s.forward.tex'.
   Trying pattern rule with stem 'forward'.
   Trying implicit prerequisite 'forward.w'.
   Looking for a rule with intermediate file 'forward.w'.
    Avoiding implicit rule recursion.
    Trying pattern rule with stem 'forward.w'.
    Trying implicit prerequisite 'forward.w,v'.
    Trying pattern rule with stem 'forward.w'.
    Trying implicit prerequisite 'RCS/forward.w,v'.
    Trying pattern rule with stem 'forward.w'.
    Trying implicit prerequisite 'RCS/forward.w'.
    Trying pattern rule with stem 'forward.w'.
    Trying implicit prerequisite 's.forward.w'.
    Trying pattern rule with stem 'forward.w'.
    Trying implicit prerequisite 'SCCS/s.forward.w'.
   No implicit rule found for 'forward.tex'.
   Finished prerequisites of target file 'forward.tex'.
  No need to remake target 'forward.tex'.
  Considering target file 'proof.tex'.
   Looking for an implicit rule for 'proof.tex'.
   Trying pattern rule with stem 'proof'.
   Trying implicit prerequisite 'proof.w'.
   Trying pattern rule with stem 'proof.tex'.
   Trying implicit prerequisite 'proof.tex,v'.
   Trying pattern rule with stem 'proof.tex'.
   Trying implicit prerequisite 'RCS/proof.tex,v'.
   Trying pattern rule with stem 'proof.tex'.
   Trying implicit prerequisite 'RCS/proof.tex'.
   Trying pattern rule with stem 'proof.tex'.
   Trying implicit prerequisite 's.proof.tex'.
   Trying pattern rule with stem 'proof.tex'.
   Trying implicit prerequisite 'SCCS/s.proof.tex'.
   Trying pattern rule with stem 'proof'.
   Trying implicit prerequisite 'proof.w'.
   Looking for a rule with intermediate file 'proof.w'.
    Avoiding implicit rule recursion.
    Trying pattern rule with stem 'proof.w'.
    Trying implicit prerequisite 'proof.w,v'.
    Trying pattern rule with stem 'proof.w'.
    Trying implicit prerequisite 'RCS/proof.w,v'.
    Trying pattern rule with stem 'proof.w'.
    Trying implicit prerequisite 'RCS/proof.w'.
    Trying pattern rule with stem 'proof.w'.
    Trying implicit prerequisite 's.proof.w'.
    Trying pattern rule with stem 'proof.w'.
    Trying implicit prerequisite 'SCCS/s.proof.w'.
   No implicit rule found for 'proof.tex'.
   Finished prerequisites of target file 'proof.tex'.
  No need to remake target 'proof.tex'.
  Considering target file 'RcNotes.tex'.
   Looking for an implicit rule for 'RcNotes.tex'.
   Trying pattern rule with stem 'RcNotes'.
   Trying implicit prerequisite 'RcNotes.w'.
   Trying pattern rule with stem 'RcNotes.tex'.
   Trying implicit prerequisite 'RcNotes.tex,v'.
   Trying pattern rule with stem 'RcNotes.tex'.
   Trying implicit prerequisite 'RCS/RcNotes.tex,v'.
   Trying pattern rule with stem 'RcNotes.tex'.
   Trying implicit prerequisite 'RCS/RcNotes.tex'.
   Trying pattern rule with stem 'RcNotes.tex'.
   Trying implicit prerequisite 's.RcNotes.tex'.
   Trying pattern rule with stem 'RcNotes.tex'.
   Trying implicit prerequisite 'SCCS/s.RcNotes.tex'.
   Trying pattern rule with stem 'RcNotes'.
   Trying implicit prerequisite 'RcNotes.w'.
   Looking for a rule with intermediate file 'RcNotes.w'.
    Avoiding implicit rule recursion.
    Trying pattern rule with stem 'RcNotes.w'.
    Trying implicit prerequisite 'RcNotes.w,v'.
    Trying pattern rule with stem 'RcNotes.w'.
    Trying implicit prerequisite 'RCS/RcNotes.w,v'.
    Trying pattern rule with stem 'RcNotes.w'.
    Trying implicit prerequisite 'RCS/RcNotes.w'.
    Trying pattern rule with stem 'RcNotes.w'.
    Trying implicit prerequisite 's.RcNotes.w'.
    Trying pattern rule with stem 'RcNotes.w'.
    Trying implicit prerequisite 'SCCS/s.RcNotes.w'.
   No implicit rule found for 'RcNotes.tex'.
   Finished prerequisites of target file 'RcNotes.tex'.
  No need to remake target 'RcNotes.tex'.
  Considering target file 'emergentKeyIdeas.Rmd'.
   Looking for an implicit rule for 'emergentKeyIdeas.Rmd'.
   Trying pattern rule with stem 'emergentKeyIdeas.Rmd'.
   Trying implicit prerequisite 'emergentKeyIdeas.Rmd,v'.
   Trying pattern rule with stem 'emergentKeyIdeas.Rmd'.
   Trying implicit prerequisite 'RCS/emergentKeyIdeas.Rmd,v'.
   Trying pattern rule with stem 'emergentKeyIdeas.Rmd'.
   Trying implicit prerequisite 'RCS/emergentKeyIdeas.Rmd'.
   Trying pattern rule with stem 'emergentKeyIdeas.Rmd'.
   Trying implicit prerequisite 's.emergentKeyIdeas.Rmd'.
   Trying pattern rule with stem 'emergentKeyIdeas.Rmd'.
   Trying implicit prerequisite 'SCCS/s.emergentKeyIdeas.Rmd'.
   No implicit rule found for 'emergentKeyIdeas.Rmd'.
   Finished prerequisites of target file 'emergentKeyIdeas.Rmd'.
  No need to remake target 'emergentKeyIdeas.Rmd'.
  Considering target file 'GiniKappaK.Rmd'.
   Looking for an implicit rule for 'GiniKappaK.Rmd'.
   Trying pattern rule with stem 'GiniKappaK.Rmd'.
   Trying implicit prerequisite 'GiniKappaK.Rmd,v'.
   Trying pattern rule with stem 'GiniKappaK.Rmd'.
   Trying implicit prerequisite 'RCS/GiniKappaK.Rmd,v'.
   Trying pattern rule with stem 'GiniKappaK.Rmd'.
   Trying implicit prerequisite 'RCS/GiniKappaK.Rmd'.
   Trying pattern rule with stem 'GiniKappaK.Rmd'.
   Trying implicit prerequisite 's.GiniKappaK.Rmd'.
   Trying pattern rule with stem 'GiniKappaK.Rmd'.
   Trying implicit prerequisite 'SCCS/s.GiniKappaK.Rmd'.
   No implicit rule found for 'GiniKappaK.Rmd'.
   Finished prerequisites of target file 'GiniKappaK.Rmd'.
  No need to remake target 'GiniKappaK.Rmd'.
  Considering target file 'Makefile'.
  File 'Makefile' was considered already.
 Finished prerequisites of target file 'base.conjecture.Rout.dd'.
Must remake target 'base.conjecture.Rout.dd'.
make commit.time
/bin/rm -rf base.conjecture.Rout.dd
git clone . base.conjecture.Rout.dd
[ "" = "" ] || ( cd base.conjecture.Rout.dd && /bin/ln -s  .)
Successfully remade target file 'base.conjecture.Rout.dd'.
make[8]: Leaving directory '/home/dushoff/screens/research/epiExplore'
